Arguments: 
  C:\Program Files\nodejs\node.exe C:\Users\W10X64_PLUS-OFFICE\AppData\Roaming\npm\node_modules\yarn\bin\yarn.js add supertest jest ts-jest @types/jest @types/supertest -D

PATH: 
  C:\Program Files\Common Files\Oracle\Java\javapath;C:\Program Files (x86)\Pervasive Software\PSQL\bin\;C:\Windows\system32;C:\Windows;C:\Windows\System32\Wbem;C:\Windows\System32\WindowsPowerShell\v1.0\;C:\Windows\System32\OpenSSH\;C:\Program Files\Java\jdk-15.0.2\bin;C:\Program Files\dotnet\;C:\Users\W10X64_PLUS-OFFICE\Downloads\opencv\build;C:\msys64\mingw64\bin;C:\Program Files\Git\cmd;C:\Program Files\nodejs\;C:\Program Files\PuTTY\;C:\Users\W10X64_PLUS-OFFICE\Downloads\mongosh-1.5.1-win32-x64\mongosh-1.5.1-win32-x64\bin;C:\Program Files\MongoDB\Server\6.0\bin;C:\Users\W10X64_PLUS-OFFICE\AppData\Local\Programs\Python\Python39\Scripts\;C:\Users\W10X64_PLUS-OFFICE\AppData\Local\Programs\Python\Python39\;C:\Users\W10X64_PLUS-OFFICE\AppData\Local\Microsoft\WindowsApps;C:\Users\W10X64_PLUS-OFFICE\AppData\Local\Programs\Microsoft VS Code\bin;C:\MinGW\mingw32\bin;C:\MinGW\bin;C:\Program Files\Java\jdk-15.0.2\bin;C:\Users\W10X64_PLUS-OFFICE\.dotnet\tools;C:\Users\W10X64_PLUS-OFFICE\Desktop\blender\blenderfile\cs50org\files to include\googletest-c344cb5a8d2bea2a46dcf2805cdb859bb70fa6cb\googletest-c344cb5a8d2bea2a46dcf2805cdb859bb70fa6cb\googletest;C:\Users\W10X64_PLUS-OFFICE\Downloads\opencv\build;C:\Users\W10X64_PLUS-OFFICE\AppData\Roaming\npm

Yarn version: 
  1.22.19

Node version: 
  16.16.0

Platform: 
  win32 x64

Trace: 
  Error: getaddrinfo ENOTFOUND registry.yarnpkg.com
      at GetAddrInfoReqWrap.onlookup [as oncomplete] (node:dns:71:26)

npm manifest: 
  {
    "name": "starter-project-backend",
    "version": "1.0.0",
    "description": "",
    "main": "index.js",
    "scripts": {
      "test": "jest --runInBand --detectOpenHandles",
      "start": "node dist/server.js",
      "dev": "nodemon src/server.ts",
      "build": "tsc -p ."
    },
    "keywords": [],
    "author": "",
    "license": "ISC",
    "dependencies": {
      "dotenv": "^10.0.0",
      "express": "^4.17.1",
      "mongodb-memory-server": "^7.6.3",
      "mongoose": "^5.13.4"
    },
    "devDependencies": {
      "@types/dotenv": "^8.2.0",
      "@types/express": "^4.17.13",
      "@types/jest": "^26.0.24",
      "@types/node": "^16.4.6",
      "@types/supertest": "^2.0.11",
      "nodemon": "^2.0.12",
      "supertest": "^6.2.2",
      "ts-jest": "^27.0.4",
      "ts-node": "^10.1.0",
      "typescript": "^4.3.5"
    }
  }

yarn manifest: 
  No manifest

Lockfile: 
  No lockfile
